0 info it worked if it ends with ok
1 verbose cli [ 'C:\\dev\\software\\nodejs\\node.exe',
1 verbose cli   'C:\\Users\\Kyotsuke\\AppData\\Roaming\\npm\\node_modules\\npm\\bin\\npm-cli.js',
1 verbose cli   'run',
1 verbose cli   'dev' ]
2 info using npm@3.10.8
3 info using node@v5.4.1
4 verbose run-script [ 'predev', 'dev', 'postdev' ]
5 info lifecycle webpack-starter-js@1.0.0~predev: webpack-starter-js@1.0.0
6 silly lifecycle webpack-starter-js@1.0.0~predev: no script for predev, continuing
7 info lifecycle webpack-starter-js@1.0.0~dev: webpack-starter-js@1.0.0
8 verbose lifecycle webpack-starter-js@1.0.0~dev: unsafe-perm in lifecycle true
9 verbose lifecycle webpack-starter-js@1.0.0~dev: PATH: C:\Users\Kyotsuke\AppData\Roaming\npm\node_modules\npm\bin\node-gyp-bin;C:\dev\projects\dev1\leap_motion\atom_attack\node_modules\.bin;C:\dev\software\cmder_mini\bin;C:\dev\software\cmder_mini\vendor\git-for-windows\cmd;C:\dev\software\cmder_mini\vendor\conemu-maximus5\ConEmu\Scripts;C:\dev\software\cmder_mini\vendor\conemu-maximus5;C:\dev\software\cmder_mini\vendor\conemu-maximus5\ConEmu;C:\ProgramData\Oracle\Java\javapath;C:\Program Files (x86)\Intel\iCLS Client\;C:\Program Files\Intel\iCLS Client\;C:\WINDOWS\system32;C:\WINDOWS;C:\WINDOWS\System32\Wbem;C:\WINDOWS\System32\WindowsPowerShell\v1.0\;C:\Program Files (x86)\Windows Live\Shared;C:\Program Files\Intel\Intel(R) Management Engine Components\DAL;C:\Program Files (x86)\Intel\Intel(R) Management Engine Components\DAL;C:\Program Files\Intel\Intel(R) Management Engine Components\IPT;C:\Program Files (x86)\Intel\Intel(R) Management Engine Components\IPT;C:\Program Files\Intel\WiFi\bin\;C:\Program Files\Common Files\Intel\WirelessCommon\;C:\dev\software\nodejs\;C:\Program Files (x86)\Skype\Phone\;C:\Program Files (x86)\NVIDIA Corporation\PhysX\Common;C:\WINDOWS\system32;C:\WINDOWS;C:\WINDOWS\System32\Wbem;C:\WINDOWS\System32\WindowsPowerShell\v1.0\;C:\dev\software\xampp\php;C:\dev\software\xampp\mysql\bin;C:\ProgramData\ComposerSetup\bin;C:\Program Files\Common Files\Autodesk Shared\;C:\Program Files (x86)\Autodesk\Backburner\;C:\dev\software\devkit\bin;C:\dev\software\Ruby23-x64\bin;C:\Users\Kyotsuke\AppData\Roaming\npm;C:\Users\Kyotsuke\AppData\Local\Microsoft\WindowsApps;C:\Users\Kyotsuke\AppData\Roaming\Composer\vendor\bin;C:\dev\software\cmder_mini\vendor\git-for-windows\usr\bin;C:\dev\software\cmder_mini\vendor\git-for-windows\usr\share\vim\vim74;C:\dev\software\cmder_mini\
10 verbose lifecycle webpack-starter-js@1.0.0~dev: CWD: C:\dev\projects\dev1\leap_motion\atom_attack
11 silly lifecycle webpack-starter-js@1.0.0~dev: Args: [ '/d /s /c',
11 silly lifecycle   'webpack-dev-server --watch --hot --inline --colors -d' ]
12 silly lifecycle webpack-starter-js@1.0.0~dev: Returned: code: 3221225786  signal: null
13 info lifecycle webpack-starter-js@1.0.0~dev: Failed to exec dev script
14 verbose stack Error: webpack-starter-js@1.0.0 dev: `webpack-dev-server --watch --hot --inline --colors -d`
14 verbose stack Exit status 3221225786
14 verbose stack     at EventEmitter.<anonymous> (C:\Users\Kyotsuke\AppData\Roaming\npm\node_modules\npm\lib\utils\lifecycle.js:255:16)
14 verbose stack     at emitTwo (events.js:87:13)
14 verbose stack     at EventEmitter.emit (events.js:172:7)
14 verbose stack     at ChildProcess.<anonymous> (C:\Users\Kyotsuke\AppData\Roaming\npm\node_modules\npm\lib\utils\spawn.js:40:14)
14 verbose stack     at emitTwo (events.js:87:13)
14 verbose stack     at ChildProcess.emit (events.js:172:7)
14 verbose stack     at maybeClose (internal/child_process.js:821:16)
14 verbose stack     at Process.ChildProcess._handle.onexit (internal/child_process.js:211:5)
15 verbose pkgid webpack-starter-js@1.0.0
16 verbose cwd C:\dev\projects\dev1\leap_motion\atom_attack
17 error Windows_NT 10.0.14393
18 error argv "C:\\dev\\software\\nodejs\\node.exe" "C:\\Users\\Kyotsuke\\AppData\\Roaming\\npm\\node_modules\\npm\\bin\\npm-cli.js" "run" "dev"
19 error node v5.4.1
20 error npm  v3.10.8
21 error code ELIFECYCLE
22 error webpack-starter-js@1.0.0 dev: `webpack-dev-server --watch --hot --inline --colors -d`
22 error Exit status 3221225786
23 error Failed at the webpack-starter-js@1.0.0 dev script 'webpack-dev-server --watch --hot --inline --colors -d'.
23 error Make sure you have the latest version of node.js and npm installed.
23 error If you do, this is most likely a problem with the webpack-starter-js package,
23 error not with npm itself.
23 error Tell the author that this fails on your system:
23 error     webpack-dev-server --watch --hot --inline --colors -d
23 error You can get information on how to open an issue for this project with:
23 error     npm bugs webpack-starter-js
23 error Or if that isn't available, you can get their info via:
23 error     npm owner ls webpack-starter-js
23 error There is likely additional logging output above.
24 verbose exit [ 1, true ]
